<?xml version="1.0" encoding="UTF-8"?>
<!-- Generated by org.testng.reporters.JUnitXMLReporter -->
<testsuite ignored="0" hostname="LTIN509473" failures="0" tests="10" name="BrowserTest" time="83.126" errors="0" timestamp="2024-10-21T09:48:00 IST">
  <testcase classname="trivago.HotelBookingDetails" name="capturePage" time="0.189"/>
  <testcase classname="trivago.HotelBookingDetails" name="verifyTitle" time="0.011"/>
  <testcase classname="trivago.HotelBookingDetails" name="testUsingExcelData" time="4.283"/>
  <testcase classname="trivago.HotelBookingDetails" name="selectDate" time="4.249"/>
  <testcase classname="trivago.HotelBookingDetails" name="selectGuests" time="4.288"/>
  <testcase classname="trivago.HotelBookingDetails" name="searchHotels" time="5.677"/>
  <testcase classname="trivago.HotelBookingDetails" name="sortHotelsByRating" time="2.245"/>
  <testcase classname="trivago.HotelBookingDetails" name="testScrollByPixels" time="6.076"/>
  <testcase classname="trivago.HotelBookingDetails" name="verifyHotelNamesAndPrices" time="0.167"/>
  <testcase classname="trivago.HotelBookingDetails" name="verifyHotelRatingsAreSorted" time="0.361"/>
</testsuite> <!-- BrowserTest -->
