<?xml version="1.0" encoding="UTF-8"?>
<!-- Generated by org.testng.reporters.JUnitXMLReporter -->
<testsuite ignored="0" hostname="LTIN509473" failures="0" tests="10" name="ChromeTest" time="45.875" errors="0" timestamp="2024-10-24T15:44:39 IST">
  <testcase classname="trivago.HotelBookingDetails" name="capturePage" time="0.277"/>
  <testcase classname="trivago.HotelBookingDetails" name="verifyTitle" time="0.018"/>
  <testcase classname="trivago.HotelBookingDetails" name="scrollByPixels" time="2.019"/>
  <testcase classname="trivago.HotelBookingDetails" name="testUsingExcelData" time="5.295"/>
  <testcase classname="trivago.HotelBookingDetails" name="selectDate" time="4.235"/>
  <testcase classname="trivago.HotelBookingDetails" name="selectGuests" time="4.259"/>
  <testcase classname="trivago.HotelBookingDetails" name="searchHotels" time="5.699"/>
  <testcase classname="trivago.HotelBookingDetails" name="sortHotelsByRating" time="2.218"/>
  <testcase classname="trivago.HotelBookingDetails" name="testScrollByPixels" time="6.041"/>
  <testcase classname="trivago.HotelBookingDetails" name="verifyHotelNamesAndPrices" time="0.121"/>
</testsuite> <!-- ChromeTest -->
