<?xml version="1.0" encoding="UTF-8"?>
<!-- Generated by org.testng.reporters.JUnitXMLReporter -->
<testsuite ignored="0" hostname="LTIN509473" failures="0" tests="10" name="EdgeTest" time="39.297" errors="0" timestamp="2024-10-24T15:45:19 IST">
  <testcase classname="trivago.HotelBookingDetails" name="capturePage" time="0.197"/>
  <testcase classname="trivago.HotelBookingDetails" name="verifyTitle" time="0.017"/>
  <testcase classname="trivago.HotelBookingDetails" name="scrollByPixels" time="2.032"/>
  <testcase classname="trivago.HotelBookingDetails" name="testUsingExcelData" time="4.336"/>
  <testcase classname="trivago.HotelBookingDetails" name="selectDate" time="4.193"/>
  <testcase classname="trivago.HotelBookingDetails" name="selectGuests" time="4.235"/>
  <testcase classname="trivago.HotelBookingDetails" name="searchHotels" time="5.922"/>
  <testcase classname="trivago.HotelBookingDetails" name="sortHotelsByRating" time="2.159"/>
  <testcase classname="trivago.HotelBookingDetails" name="testScrollByPixels" time="6.038"/>
  <testcase classname="trivago.HotelBookingDetails" name="verifyHotelNamesAndPrices" time="0.258"/>
</testsuite> <!-- EdgeTest -->
