<?xml version="1.0" encoding="UTF-8"?>
<!-- Generated by org.testng.reporters.JUnitXMLReporter -->
<testsuite ignored="8" hostname="LTIN509473" failures="0" tests="1" name="Default test(failed)(failed)" time="10.186" errors="0" timestamp="2024-10-18T10:15:38 IST">
  <testcase classname="trivago.HotelBookingDetails" name="verifyTitle" time="0.019"/>
  <testcase classname="trivago.HotelBookingDetails" name="selectDestination" time="0.0">
    <ignored/>
  </testcase> <!-- selectDestination -->
  <testcase classname="trivago.HotelBookingDetails" name="searchHotels" time="0.0">
    <ignored/>
  </testcase> <!-- searchHotels -->
  <testcase classname="trivago.HotelBookingDetails" name="verifyHotelNamesAndPrices" time="0.0">
    <ignored/>
  </testcase> <!-- verifyHotelNamesAndPrices -->
  <testcase classname="trivago.HotelBookingDetails" name="selectGuests" time="0.0">
    <ignored/>
  </testcase> <!-- selectGuests -->
  <testcase classname="trivago.HotelBookingDetails" name="verifyHotelRatingsAreSorted" time="0.0">
    <ignored/>
  </testcase> <!-- verifyHotelRatingsAreSorted -->
  <testcase classname="trivago.HotelBookingDetails" name="capturePage" time="0.0">
    <ignored/>
  </testcase> <!-- capturePage -->
  <testcase classname="trivago.HotelBookingDetails" name="selectDate" time="0.0">
    <ignored/>
  </testcase> <!-- selectDate -->
  <testcase classname="trivago.HotelBookingDetails" name="sortHotelsByRating" time="0.0">
    <ignored/>
  </testcase> <!-- sortHotelsByRating -->
</testsuite> <!-- Default test(failed)(failed) -->
