<?xml version="1.0" encoding="UTF-8"?>
<testng-results ignored="0" total="20" passed="20" failed="0" skipped="0">
  <reporter-output>
  </reporter-output>
  <suite started-at="2024-10-24T15:43:53 IST" name="Suite" finished-at="2024-10-24T15:45:19 IST" duration-ms="85201">
    <groups>
    </groups>
    <test started-at="2024-10-24T15:43:53 IST" name="ChromeTest" finished-at="2024-10-24T15:44:39 IST" duration-ms="45875">
      <class name="trivago.HotelBookingDetails">
        <test-method is-config="true" signature="setUp(java.lang.String)[pri:0, instance:trivago.HotelBookingDetails@54a7079e]" started-at="2024-10-24T15:43:53 IST" name="setUp" finished-at="2024-10-24T15:44:05 IST" duration-ms="12045" status="PASS">
          <params>
            <param index="0">
              <value>
                <![CDATA[chrome]]>
              </value>
            </param>
          </params>
          <reporter-output>
          </reporter-output>
        </test-method> <!-- setUp -->
        <test-method signature="capturePage()[pri:0, instance:trivago.HotelBookingDetails@54a7079e]" started-at="2024-10-24T15:44:05 IST" name="capturePage" finished-at="2024-10-24T15:44:06 IST" duration-ms="277" status="PASS">
          <reporter-output>
          </reporter-output>
        </test-method> <!-- capturePage -->
        <test-method signature="verifyTitle()[pri:0, instance:trivago.HotelBookingDetails@54a7079e]" started-at="2024-10-24T15:44:06 IST" name="verifyTitle" finished-at="2024-10-24T15:44:06 IST" duration-ms="18" status="PASS">
          <reporter-output>
          </reporter-output>
        </test-method> <!-- verifyTitle -->
        <test-method signature="scrollByPixels()[pri:1, instance:trivago.HotelBookingDetails@54a7079e]" started-at="2024-10-24T15:44:06 IST" name="scrollByPixels" finished-at="2024-10-24T15:44:08 IST" duration-ms="2019" status="PASS">
          <reporter-output>
          </reporter-output>
        </test-method> <!-- scrollByPixels -->
        <test-method signature="testUsingExcelData()[pri:1, instance:trivago.HotelBookingDetails@54a7079e]" started-at="2024-10-24T15:44:08 IST" name="testUsingExcelData" finished-at="2024-10-24T15:44:13 IST" duration-ms="5295" status="PASS">
          <reporter-output>
          </reporter-output>
        </test-method> <!-- testUsingExcelData -->
        <test-method signature="selectDate()[pri:2, instance:trivago.HotelBookingDetails@54a7079e]" started-at="2024-10-24T15:44:13 IST" name="selectDate" finished-at="2024-10-24T15:44:17 IST" duration-ms="4235" status="PASS">
          <reporter-output>
          </reporter-output>
        </test-method> <!-- selectDate -->
        <test-method signature="selectGuests()[pri:3, instance:trivago.HotelBookingDetails@54a7079e]" started-at="2024-10-24T15:44:17 IST" name="selectGuests" finished-at="2024-10-24T15:44:22 IST" duration-ms="4259" status="PASS">
          <reporter-output>
          </reporter-output>
        </test-method> <!-- selectGuests -->
        <test-method signature="searchHotels()[pri:4, instance:trivago.HotelBookingDetails@54a7079e]" started-at="2024-10-24T15:44:22 IST" name="searchHotels" finished-at="2024-10-24T15:44:27 IST" duration-ms="5699" status="PASS">
          <reporter-output>
          </reporter-output>
        </test-method> <!-- searchHotels -->
        <test-method signature="sortHotelsByRating()[pri:5, instance:trivago.HotelBookingDetails@54a7079e]" started-at="2024-10-24T15:44:27 IST" name="sortHotelsByRating" finished-at="2024-10-24T15:44:30 IST" duration-ms="2218" status="PASS">
          <reporter-output>
          </reporter-output>
        </test-method> <!-- sortHotelsByRating -->
        <test-method signature="testScrollByPixels()[pri:6, instance:trivago.HotelBookingDetails@54a7079e]" started-at="2024-10-24T15:44:30 IST" name="testScrollByPixels" finished-at="2024-10-24T15:44:36 IST" depends-on-methods="trivago.HotelBookingDetails.sortHotelsByRating" duration-ms="6041" status="PASS">
          <reporter-output>
          </reporter-output>
        </test-method> <!-- testScrollByPixels -->
        <test-method signature="verifyHotelNamesAndPrices()[pri:7, instance:trivago.HotelBookingDetails@54a7079e]" started-at="2024-10-24T15:44:36 IST" name="verifyHotelNamesAndPrices" finished-at="2024-10-24T15:44:36 IST" duration-ms="121" status="PASS">
          <reporter-output>
          </reporter-output>
        </test-method> <!-- verifyHotelNamesAndPrices -->
        <test-method is-config="true" signature="tearDown()[pri:0, instance:trivago.HotelBookingDetails@54a7079e]" started-at="2024-10-24T15:44:36 IST" name="tearDown" finished-at="2024-10-24T15:44:39 IST" duration-ms="3576" status="PASS">
          <reporter-output>
          </reporter-output>
        </test-method> <!-- tearDown -->
      </class> <!-- trivago.HotelBookingDetails -->
    </test> <!-- ChromeTest -->
    <test started-at="2024-10-24T15:44:39 IST" name="EdgeTest" finished-at="2024-10-24T15:45:19 IST" duration-ms="39297">
      <class name="trivago.HotelBookingDetails">
        <test-method is-config="true" signature="setUp(java.lang.String)[pri:0, instance:trivago.HotelBookingDetails@4b45a2f5]" started-at="2024-10-24T15:44:39 IST" name="setUp" finished-at="2024-10-24T15:44:46 IST" duration-ms="6385" status="PASS">
          <params>
            <param index="0">
              <value>
                <![CDATA[edge]]>
              </value>
            </param>
          </params>
          <reporter-output>
          </reporter-output>
        </test-method> <!-- setUp -->
        <test-method signature="capturePage()[pri:0, instance:trivago.HotelBookingDetails@4b45a2f5]" started-at="2024-10-24T15:44:46 IST" name="capturePage" finished-at="2024-10-24T15:44:46 IST" duration-ms="197" status="PASS">
          <reporter-output>
          </reporter-output>
        </test-method> <!-- capturePage -->
        <test-method signature="verifyTitle()[pri:0, instance:trivago.HotelBookingDetails@4b45a2f5]" started-at="2024-10-24T15:44:46 IST" name="verifyTitle" finished-at="2024-10-24T15:44:46 IST" duration-ms="17" status="PASS">
          <reporter-output>
          </reporter-output>
        </test-method> <!-- verifyTitle -->
        <test-method signature="scrollByPixels()[pri:1, instance:trivago.HotelBookingDetails@4b45a2f5]" started-at="2024-10-24T15:44:46 IST" name="scrollByPixels" finished-at="2024-10-24T15:44:48 IST" duration-ms="2032" status="PASS">
          <reporter-output>
          </reporter-output>
        </test-method> <!-- scrollByPixels -->
        <test-method signature="testUsingExcelData()[pri:1, instance:trivago.HotelBookingDetails@4b45a2f5]" started-at="2024-10-24T15:44:48 IST" name="testUsingExcelData" finished-at="2024-10-24T15:44:52 IST" duration-ms="4336" status="PASS">
          <reporter-output>
          </reporter-output>
        </test-method> <!-- testUsingExcelData -->
        <test-method signature="selectDate()[pri:2, instance:trivago.HotelBookingDetails@4b45a2f5]" started-at="2024-10-24T15:44:52 IST" name="selectDate" finished-at="2024-10-24T15:44:56 IST" duration-ms="4193" status="PASS">
          <reporter-output>
          </reporter-output>
        </test-method> <!-- selectDate -->
        <test-method signature="selectGuests()[pri:3, instance:trivago.HotelBookingDetails@4b45a2f5]" started-at="2024-10-24T15:44:56 IST" name="selectGuests" finished-at="2024-10-24T15:45:01 IST" duration-ms="4235" status="PASS">
          <reporter-output>
          </reporter-output>
        </test-method> <!-- selectGuests -->
        <test-method signature="searchHotels()[pri:4, instance:trivago.HotelBookingDetails@4b45a2f5]" started-at="2024-10-24T15:45:01 IST" name="searchHotels" finished-at="2024-10-24T15:45:07 IST" duration-ms="5922" status="PASS">
          <reporter-output>
          </reporter-output>
        </test-method> <!-- searchHotels -->
        <test-method signature="sortHotelsByRating()[pri:5, instance:trivago.HotelBookingDetails@4b45a2f5]" started-at="2024-10-24T15:45:07 IST" name="sortHotelsByRating" finished-at="2024-10-24T15:45:09 IST" duration-ms="2159" status="PASS">
          <reporter-output>
          </reporter-output>
        </test-method> <!-- sortHotelsByRating -->
        <test-method signature="testScrollByPixels()[pri:6, instance:trivago.HotelBookingDetails@4b45a2f5]" started-at="2024-10-24T15:45:09 IST" name="testScrollByPixels" finished-at="2024-10-24T15:45:15 IST" depends-on-methods="trivago.HotelBookingDetails.sortHotelsByRating" duration-ms="6038" status="PASS">
          <reporter-output>
          </reporter-output>
        </test-method> <!-- testScrollByPixels -->
        <test-method signature="verifyHotelNamesAndPrices()[pri:7, instance:trivago.HotelBookingDetails@4b45a2f5]" started-at="2024-10-24T15:45:15 IST" name="verifyHotelNamesAndPrices" finished-at="2024-10-24T15:45:15 IST" duration-ms="258" status="PASS">
          <reporter-output>
          </reporter-output>
        </test-method> <!-- verifyHotelNamesAndPrices -->
        <test-method is-config="true" signature="tearDown()[pri:0, instance:trivago.HotelBookingDetails@4b45a2f5]" started-at="2024-10-24T15:45:15 IST" name="tearDown" finished-at="2024-10-24T15:45:19 IST" duration-ms="3504" status="PASS">
          <reporter-output>
          </reporter-output>
        </test-method> <!-- tearDown -->
      </class> <!-- trivago.HotelBookingDetails -->
    </test> <!-- EdgeTest -->
  </suite> <!-- Suite -->
</testng-results>
